#
# There is insufficient memory for the Java Runtime Environment to continue.
# Native memory allocation (malloc) failed to allocate 1285776 bytes for Chunk::new
# Possible reasons:
#   The system is out of physical RAM or swap space
#   The process is running with CompressedOops enabled, and the Java Heap may be blocking the growth of the native heap
# Possible solutions:
#   Reduce memory load on the system
#   Increase physical memory or swap space
#   Check if swap backing store is full
#   Decrease Java heap size (-Xmx/-Xms)
#   Decrease number of Java threads
#   Decrease Java thread stack sizes (-Xss)
#   Set larger code cache with -XX:ReservedCodeCacheSize=
#   JVM is running with Zero Based Compressed Oops mode in which the Java heap is
#     placed in the first 32GB address space. The Java Heap base address is the
#     maximum limit for the native heap growth. Please use -XX:HeapBaseMinAddress
#     to set the Java Heap base and to place the Java Heap above 32GB virtual address.
# This output file may be truncated or incomplete.
#
#  Out of Memory Error (allocation.cpp:389), pid=17512, tid=0x0000000000005acc
#
# JRE version: OpenJDK Runtime Environment (8.0_242-b01) (build 1.8.0_242-release-1644-b01)
# Java VM: OpenJDK 64-Bit Server VM (25.242-b01 mixed mode windows-amd64 compressed oops)
# Failed to write core dump. Minidumps are not enabled by default on client versions of Windows
#

---------------  T H R E A D  ---------------

Current thread (0x000000001e5f1800):  JavaThread "C2 CompilerThread0" daemon [_thread_in_native, id=23244, stack(0x000000001eec0000,0x000000001efc0000)]

Stack: [0x000000001eec0000,0x000000001efc0000]
[error occurred during error reporting (printing stack bounds), id 0xc0000005]

Native frames: (J=compiled Java code, j=interpreted, Vv=VM code, C=native code)


Current CompileTask:
C2:   7928 4954   !   4       com.sun.beans.TypeResolver::resolve (274 bytes)


---------------  P R O C E S S  ---------------

Java Threads: ( => current thread )
  0x00000000263c8000 JavaThread "pool-1-thread-1" [_thread_blocked, id=13448, stack(0x000000002fae0000,0x000000002fbe0000)]
  0x00000000263c7000 JavaThread "Cache worker for Build Output Cleanup Cache (D:\Project\AndroidStudioProject\banksampah-mobile\.gradle\buildOutputCleanup)" [_thread_blocked, id=19560, stack(0x000000002fde0000,0x000000002fee0000)]
  0x00000000263c6800 JavaThread "jar transforms Thread 113" [_thread_blocked, id=9328, stack(0x000000002f7e0000,0x000000002f8e0000)]
  0x00000000263c5800 JavaThread "jar transforms Thread 112" [_thread_blocked, id=3772, stack(0x000000002f6e0000,0x000000002f7e0000)]
  0x00000000263c5000 JavaThread "jar transforms Thread 111" [_thread_blocked, id=15600, stack(0x000000002f5e0000,0x000000002f6e0000)]
  0x00000000263cb000 JavaThread "jar transforms Thread 110" [_thread_blocked, id=14848, stack(0x000000002f4e0000,0x000000002f5e0000)]
  0x00000000263c9800 JavaThread "jar transforms Thread 109" [_thread_blocked, id=16516, stack(0x000000002f3e0000,0x000000002f4e0000)]
  0x00000000263c8800 JavaThread "jar transforms Thread 108" [_thread_blocked, id=16676, stack(0x000000002f1e0000,0x000000002f2e0000)]
  0x00000000263ca000 JavaThread "jar transforms Thread 107" [_thread_blocked, id=10336, stack(0x000000002f0e0000,0x000000002f1e0000)]
  0x00000000263be000 JavaThread "jar transforms Thread 106" [_thread_blocked, id=10848, stack(0x000000002efe0000,0x000000002f0e0000)]
  0x00000000263bd800 JavaThread "jar transforms Thread 105" [_thread_blocked, id=7612, stack(0x000000002eee0000,0x000000002efe0000)]
  0x00000000263c3800 JavaThread "jar transforms Thread 104" [_thread_blocked, id=15872, stack(0x000000002ede0000,0x000000002eee0000)]
  0x00000000263c4000 JavaThread "jar transforms Thread 103" [_thread_blocked, id=14208, stack(0x000000002ece0000,0x000000002ede0000)]
  0x00000000263c1000 JavaThread "jar transforms Thread 102" [_thread_blocked, id=13140, stack(0x000000002ebe0000,0x000000002ece0000)]
  0x00000000263bf000 JavaThread "jar transforms Thread 101" [_thread_blocked, id=19936, stack(0x000000002eae0000,0x000000002ebe0000)]
  0x00000000263c2800 JavaThread "jar transforms Thread 100" [_thread_blocked, id=14692, stack(0x000000002e9e0000,0x000000002eae0000)]
  0x00000000263c0800 JavaThread "jar transforms Thread 99" [_thread_blocked, id=14052, stack(0x000000002e8e0000,0x000000002e9e0000)]
  0x00000000263bf800 JavaThread "jar transforms Thread 98" [_thread_blocked, id=17584, stack(0x000000002e7e0000,0x000000002e8e0000)]
  0x00000000263c2000 JavaThread "jar transforms Thread 97" [_thread_blocked, id=14116, stack(0x000000002e6e0000,0x000000002e7e0000)]
  0x00000000263bc000 JavaThread "jar transforms Thread 96" [_thread_blocked, id=12768, stack(0x000000002e5e0000,0x000000002e6e0000)]
  0x00000000263bc800 JavaThread "jar transforms Thread 95" [_thread_blocked, id=4296, stack(0x000000002e4e0000,0x000000002e5e0000)]
  0x00000000263f0800 JavaThread "jar transforms Thread 94" [_thread_blocked, id=4360, stack(0x000000002e3e0000,0x000000002e4e0000)]
  0x00000000263f0000 JavaThread "jar transforms Thread 93" [_thread_blocked, id=20708, stack(0x000000002e2e0000,0x000000002e3e0000)]
  0x00000000263f4800 JavaThread "jar transforms Thread 92" [_thread_blocked, id=13876, stack(0x000000002e1e0000,0x000000002e2e0000)]
  0x00000000263f3800 JavaThread "jar transforms Thread 91" [_thread_blocked, id=1280, stack(0x000000002e0e0000,0x000000002e1e0000)]
  0x00000000263f3000 JavaThread "jar transforms Thread 90" [_thread_blocked, id=17172, stack(0x000000002dfe0000,0x000000002e0e0000)]
  0x00000000263f6800 JavaThread "jar transforms Thread 89" [_thread_blocked, id=10156, stack(0x000000002dee0000,0x000000002dfe0000)]
  0x00000000263f5000 JavaThread "jar transforms Thread 88" [_thread_blocked, id=14920, stack(0x000000002dde0000,0x000000002dee0000)]
  0x00000000263f6000 JavaThread "jar transforms Thread 87" [_thread_blocked, id=8084, stack(0x000000002dce0000,0x000000002dde0000)]
  0x00000000263f1800 JavaThread "jar transforms Thread 86" [_thread_blocked, id=22480, stack(0x000000002dbe0000,0x000000002dce0000)]
  0x00000000263f2000 JavaThread "jar transforms Thread 85" [_thread_blocked, id=12148, stack(0x000000002dae0000,0x000000002dbe0000)]
  0x00000000263e9000 JavaThread "jar transforms Thread 84" [_thread_blocked, id=25008, stack(0x000000002d9e0000,0x000000002dae0000)]
  0x00000000263e8800 JavaThread "jar transforms Thread 83" [_thread_blocked, id=18000, stack(0x000000002d8e0000,0x000000002d9e0000)]
  0x00000000263ef000 JavaThread "jar transforms Thread 82" [_thread_blocked, id=9828, stack(0x000000002d7e0000,0x000000002d8e0000)]
  0x00000000263ed000 JavaThread "jar transforms Thread 81" [_thread_blocked, id=16904, stack(0x000000002d6e0000,0x000000002d7e0000)]
  0x00000000263ec000 JavaThread "jar transforms Thread 80" [_thread_blocked, id=24504, stack(0x000000002d5e0000,0x000000002d6e0000)]
  0x00000000263eb800 JavaThread "jar transforms Thread 79" [_thread_blocked, id=24048, stack(0x000000002d4e0000,0x000000002d5e0000)]
  0x00000000263ea000 JavaThread "jar transforms Thread 78" [_thread_blocked, id=24092, stack(0x000000002d3e0000,0x000000002d4e0000)]
  0x00000000263ed800 JavaThread "jar transforms Thread 77" [_thread_blocked, id=24104, stack(0x000000002d2e0000,0x000000002d3e0000)]
  0x00000000263ea800 JavaThread "jar transforms Thread 76" [_thread_blocked, id=23736, stack(0x000000002d1e0000,0x000000002d2e0000)]
  0x00000000263e7800 JavaThread "jar transforms Thread 75" [_thread_blocked, id=8744, stack(0x000000002d0e0000,0x000000002d1e0000)]
  0x00000000263ee800 JavaThread "jar transforms Thread 74" [_thread_blocked, id=15760, stack(0x000000002cfe0000,0x000000002d0e0000)]
  0x000000002517d000 JavaThread "jar transforms Thread 73" [_thread_blocked, id=24548, stack(0x000000002cee0000,0x000000002cfe0000)]
  0x000000002517c800 JavaThread "jar transforms Thread 72" [_thread_blocked, id=18824, stack(0x000000002cde0000,0x000000002cee0000)]
  0x000000002517b800 JavaThread "jar transforms Thread 71" [_thread_blocked, id=24288, stack(0x000000002cce0000,0x000000002cde0000)]
  0x000000002517b000 JavaThread "jar transforms Thread 70" [_thread_blocked, id=24384, stack(0x000000002cbe0000,0x000000002cce0000)]
  0x0000000025179800 JavaThread "jar transforms Thread 69" [_thread_blocked, id=24896, stack(0x000000002cae0000,0x000000002cbe0000)]
  0x000000002517a000 JavaThread "jar transforms Thread 68" [_thread_blocked, id=24284, stack(0x000000002c9e0000,0x000000002cae0000)]
  0x0000000025178800 JavaThread "jar transforms Thread 67" [_thread_blocked, id=24668, stack(0x000000002c8e0000,0x000000002c9e0000)]
  0x0000000025178000 JavaThread "jar transforms Thread 66" [_thread_blocked, id=24204, stack(0x000000002c7e0000,0x000000002c8e0000)]
  0x0000000025170800 JavaThread "jar transforms Thread 65" [_thread_blocked, id=21940, stack(0x000000002c6e0000,0x000000002c7e0000)]
  0x0000000025177000 JavaThread "jar transforms Thread 64" [_thread_blocked, id=12616, stack(0x000000002c5e0000,0x000000002c6e0000)]
  0x000000002516f800 JavaThread "jar transforms Thread 63" [_thread_blocked, id=24196, stack(0x000000002c4e0000,0x000000002c5e0000)]
  0x0000000025176800 JavaThread "jar transforms Thread 62" [_thread_blocked, id=24632, stack(0x000000002c3e0000,0x000000002c4e0000)]
  0x0000000025175800 JavaThread "jar transforms Thread 61" [_thread_blocked, id=1148, stack(0x000000002c2e0000,0x000000002c3e0000)]
  0x000000002516e000 JavaThread "jar transforms Thread 60" [_thread_blocked, id=7984, stack(0x000000002c1e0000,0x000000002c2e0000)]
  0x0000000025175000 JavaThread "jar transforms Thread 59" [_thread_blocked, id=17984, stack(0x000000002c0e0000,0x000000002c1e0000)]
  0x0000000025174000 JavaThread "jar transforms Thread 58" [_thread_blocked, id=24732, stack(0x000000002bfe0000,0x000000002c0e0000)]
  0x0000000025173800 JavaThread "jar transforms Thread 57" [_thread_blocked, id=24792, stack(0x000000002bee0000,0x000000002bfe0000)]
  0x0000000025172800 JavaThread "jar transforms Thread 56" [_thread_blocked, id=25088, stack(0x000000002bde0000,0x000000002bee0000)]
  0x000000002516f000 JavaThread "jar transforms Thread 55" [_thread_blocked, id=24200, stack(0x000000002bce0000,0x000000002bde0000)]
  0x0000000025172000 JavaThread "jar transforms Thread 54" [_thread_blocked, id=24628, stack(0x000000002bbe0000,0x000000002bce0000)]
  0x0000000025171000 JavaThread "jar transforms Thread 53" [_thread_blocked, id=23632, stack(0x000000002bae0000,0x000000002bbe0000)]
  0x0000000026348000 JavaThread "jar transforms Thread 52" [_thread_blocked, id=24076, stack(0x000000002b9e0000,0x000000002bae0000)]
  0x0000000026345000 JavaThread "jar transforms Thread 51" [_thread_blocked, id=21144, stack(0x000000002b8e0000,0x000000002b9e0000)]
  0x0000000026346800 JavaThread "jar transforms Thread 50" [_thread_blocked, id=3196, stack(0x000000002b7e0000,0x000000002b8e0000)]
  0x0000000026347800 JavaThread "jar transforms Thread 49" [_thread_blocked, id=23604, stack(0x000000002b6e0000,0x000000002b7e0000)]
  0x0000000026344800 JavaThread "jar transforms Thread 48" [_thread_blocked, id=24944, stack(0x000000002b5e0000,0x000000002b6e0000)]
  0x0000000026343800 JavaThread "jar transforms Thread 47" [_thread_blocked, id=22772, stack(0x000000002b4e0000,0x000000002b5e0000)]
  0x0000000026346000 JavaThread "jar transforms Thread 46" [_thread_blocked, id=24656, stack(0x000000002b3e0000,0x000000002b4e0000)]
  0x0000000026343000 JavaThread "jar transforms Thread 45" [_thread_blocked, id=23096, stack(0x000000002b2e0000,0x000000002b3e0000)]
  0x000000002633c000 JavaThread "jar transforms Thread 44" [_thread_blocked, id=2068, stack(0x000000002b1e0000,0x000000002b2e0000)]
  0x000000002633b000 JavaThread "jar transforms Thread 43" [_thread_blocked, id=24276, stack(0x000000002b0e0000,0x000000002b1e0000)]
  0x0000000026342000 JavaThread "jar transforms Thread 42" [_thread_blocked, id=20924, stack(0x000000002afe0000,0x000000002b0e0000)]
  0x0000000026341800 JavaThread "jar transforms Thread 41" [_thread_blocked, id=14496, stack(0x000000002aee0000,0x000000002afe0000)]
  0x000000002633f000 JavaThread "jar transforms Thread 40" [_thread_blocked, id=12380, stack(0x000000002ade0000,0x000000002aee0000)]
  0x0000000026339800 JavaThread "jar transforms Thread 39" [_thread_blocked, id=24172, stack(0x000000002ace0000,0x000000002ade0000)]
  0x000000002633e800 JavaThread "jar transforms Thread 38" [_thread_blocked, id=23080, stack(0x000000002abe0000,0x000000002ace0000)]
  0x0000000026340800 JavaThread "jar transforms Thread 37" [_thread_blocked, id=3144, stack(0x000000002aae0000,0x000000002abe0000)]
  0x0000000026339000 JavaThread "jar transforms Thread 36" [_thread_blocked, id=6288, stack(0x000000002a9e0000,0x000000002aae0000)]
  0x000000002633c800 JavaThread "jar transforms Thread 35" [_thread_blocked, id=23424, stack(0x000000002a8e0000,0x000000002a9e0000)]
  0x000000002633d800 JavaThread "jar transforms Thread 34" [_thread_blocked, id=15784, stack(0x000000002a7e0000,0x000000002a8e0000)]
  0x000000002633a800 JavaThread "jar transforms Thread 33" [_thread_blocked, id=16352, stack(0x000000002a6e0000,0x000000002a7e0000)]
  0x0000000026340000 JavaThread "jar transforms Thread 32" [_thread_blocked, id=11500, stack(0x000000002a5e0000,0x000000002a6e0000)]
  0x00000000217b5800 JavaThread "jar transforms Thread 31" [_thread_blocked, id=5760, stack(0x000000002a4e0000,0x000000002a5e0000)]
  0x00000000217b4000 JavaThread "jar transforms Thread 30" [_thread_blocked, id=25272, stack(0x000000002a3e0000,0x000000002a4e0000)]
  0x00000000217b3000 JavaThread "jar transforms Thread 29" [_thread_blocked, id=5440, stack(0x000000002a2e0000,0x000000002a3e0000)]
  0x00000000217b2800 JavaThread "jar transforms Thread 28" [_thread_blocked, id=24900, stack(0x000000002a1e0000,0x000000002a2e0000)]
  0x00000000217b1800 JavaThread "jar transforms Thread 27" [_thread_blocked, id=25248, stack(0x000000002a0e0000,0x000000002a1e0000)]
  0x00000000217b4800 JavaThread "jar transforms Thread 26" [_thread_blocked, id=25256, stack(0x0000000029fe0000,0x000000002a0e0000)]
  0x00000000217b1000 JavaThread "jar transforms Thread 25" [_thread_blocked, id=25288, stack(0x0000000029ee0000,0x0000000029fe0000)]
  0x00000000217a9800 JavaThread "jar transforms Thread 24" [_thread_blocked, id=24372, stack(0x0000000029de0000,0x0000000029ee0000)]
  0x00000000217b0000 JavaThread "jar transforms Thread 23" [_thread_blocked, id=12176, stack(0x0000000029ce0000,0x0000000029de0000)]
  0x00000000217a8800 JavaThread "jar transforms Thread 22" [_thread_blocked, id=25428, stack(0x0000000029be0000,0x0000000029ce0000)]
  0x00000000217af800 JavaThread "jar transforms Thread 21" [_thread_blocked, id=24712, stack(0x0000000029ae0000,0x0000000029be0000)]
  0x00000000217a8000 JavaThread "jar transforms Thread 20" [_thread_blocked, id=12960, stack(0x00000000299e0000,0x0000000029ae0000)]
  0x00000000217ae800 JavaThread "jar transforms Thread 19" [_thread_blocked, id=10064, stack(0x00000000298e0000,0x00000000299e0000)]
  0x00000000217a7000 JavaThread "jar transforms Thread 18" [_thread_blocked, id=17596, stack(0x00000000297e0000,0x00000000298e0000)]
  0x00000000217ae000 JavaThread "jar transforms Thread 17" [_thread_blocked, id=14556, stack(0x00000000296e0000,0x00000000297e0000)]
  0x00000000217a6800 JavaThread "jar transforms Thread 16" [_thread_blocked, id=12848, stack(0x00000000295e0000,0x00000000296e0000)]
  0x00000000217ab800 JavaThread "jar transforms Thread 15" [_thread_blocked, id=10448, stack(0x00000000294e0000,0x00000000295e0000)]
  0x00000000217ac800 JavaThread "jar transforms Thread 14" [_thread_blocked, id=8296, stack(0x00000000293e0000,0x00000000294e0000)]
  0x00000000217ab000 JavaThread "jar transforms Thread 13" [_thread_blocked, id=19484, stack(0x00000000292e0000,0x00000000293e0000)]
  0x00000000217aa000 JavaThread "jar transforms Thread 12" [_thread_blocked, id=6704, stack(0x00000000291e0000,0x00000000292e0000)]
  0x00000000217ad000 JavaThread "jar transforms Thread 11" [_thread_blocked, id=25024, stack(0x00000000290e0000,0x00000000291e0000)]
  0x0000000024406000 JavaThread "jar transforms Thread 10" [_thread_blocked, id=25028, stack(0x0000000028fe0000,0x00000000290e0000)]
  0x0000000024404800 JavaThread "jar transforms Thread 9" [_thread_blocked, id=24432, stack(0x0000000028ee0000,0x0000000028fe0000)]
  0x0000000024404000 JavaThread "jar transforms Thread 8" [_thread_blocked, id=25032, stack(0x0000000028de0000,0x0000000028ee0000)]
  0x0000000024408800 JavaThread "jar transforms Thread 7" [_thread_blocked, id=17808, stack(0x0000000028ce0000,0x0000000028de0000)]
  0x0000000024407000 JavaThread "jar transforms Thread 6" [_thread_blocked, id=17152, stack(0x0000000028be0000,0x0000000028ce0000)]
  0x0000000024405800 JavaThread "jar transforms Thread 5" [_thread_blocked, id=6964, stack(0x0000000028ae0000,0x0000000028be0000)]
  0x0000000024407800 JavaThread "jar transforms Thread 4" [_thread_blocked, id=19924, stack(0x00000000289e0000,0x0000000028ae0000)]
  0x00000000243fd000 JavaThread "jar transforms Thread 3" [_thread_blocked, id=25176, stack(0x00000000288e0000,0x00000000289e0000)]
  0x00000000243fc800 JavaThread "jar transforms Thread 2" [_thread_blocked, id=25508, stack(0x00000000287e0000,0x00000000288e0000)]
  0x0000000024403000 JavaThread "Build operations Thread 8" [_thread_blocked, id=24636, stack(0x00000000286e0000,0x00000000287e0000)]
  0x0000000024402800 JavaThread "Build operations Thread 7" [_thread_blocked, id=24952, stack(0x00000000285e0000,0x00000000286e0000)]
  0x00000000243fb000 JavaThread "Build operations Thread 6" [_thread_blocked, id=23636, stack(0x00000000284e0000,0x00000000285e0000)]
  0x00000000243fe800 JavaThread "Build operations Thread 5" [_thread_blocked, id=25432, stack(0x00000000283e0000,0x00000000284e0000)]
  0x0000000024401800 JavaThread "Build operations Thread 4" [_thread_blocked, id=25440, stack(0x00000000282e0000,0x00000000283e0000)]
  0x0000000024401000 JavaThread "Build operations Thread 3" [_thread_blocked, id=10628, stack(0x00000000281e0000,0x00000000282e0000)]
  0x0000000024400000 JavaThread "Build operations Thread 2" [_thread_blocked, id=10900, stack(0x00000000280e0000,0x00000000281e0000)]
  0x00000000243fb800 JavaThread "Build operations" [_thread_blocked, id=1792, stack(0x0000000027fe0000,0x00000000280e0000)]
  0x00000000214b1000 JavaThread "Cache worker for file content cache (C:\Users\fatur\.gradle\caches\6.5\fileContent)" [_thread_blocked, id=24096, stack(0x00000000278e0000,0x00000000279e0000)]
  0x00000000214af800 JavaThread "jar transforms" [_thread_blocked, id=24108, stack(0x00000000277e0000,0x00000000278e0000)]
  0x00000000214aa800 JavaThread "Cache worker for execution history cache (C:\Users\fatur\.gradle\caches\6.5\executionHistory)" [_thread_blocked, id=21060, stack(0x00000000270e0000,0x00000000271e0000)]
  0x00000000214ad800 JavaThread "Cache worker for cache directory md-rule (C:\Users\fatur\.gradle\caches\6.5\md-rule)" [_thread_blocked, id=16608, stack(0x0000000026fe0000,0x00000000270e0000)]
  0x00000000214ac800 JavaThread "Cache worker for cache directory md-supplier (C:\Users\fatur\.gradle\caches\6.5\md-supplier)" [_thread_blocked, id=24788, stack(0x0000000025b80000,0x0000000025c80000)]
  0x00000000214af000 JavaThread "Cache worker for checksums cache (D:\Project\AndroidStudioProject\banksampah-mobile\.gradle\checksums)" [_thread_blocked, id=8100, stack(0x0000000025a80000,0x0000000025b80000)]
  0x00000000214ae000 JavaThread "Cache worker for file hash cache (D:\Project\AndroidStudioProject\banksampah-mobile\.gradle\6.5\fileHashes)" [_thread_blocked, id=15680, stack(0x0000000026ee0000,0x0000000026fe0000)]
  0x00000000214ac000 JavaThread "Cache worker for file hash cache (C:\Users\fatur\.gradle\caches\6.5\fileHashes)" [_thread_blocked, id=12244, stack(0x00000000235e0000,0x00000000236e0000)]
  0x00000000214b0800 JavaThread "File lock request listener" [_thread_in_native, id=13548, stack(0x00000000234e0000,0x00000000235e0000)]
  0x00000000213fc800 JavaThread "Cache worker for journal cache (C:\Users\fatur\.gradle\caches\journal-1)" [_thread_blocked, id=24232, stack(0x00000000233e0000,0x00000000234e0000)]
  0x0000000021232800 JavaThread "Thread-9" [_thread_blocked, id=24400, stack(0x00000000230e0000,0x00000000231e0000)]
  0x0000000021231000 JavaThread "Stdin handler" [_thread_blocked, id=24988, stack(0x0000000022fe0000,0x00000000230e0000)]
  0x000000002122f000 JavaThread "Asynchronous log dispatcher for DefaultDaemonConnection: socket connection from /127.0.0.1:61730 to /127.0.0.1:61731" [_thread_blocked, id=24236, stack(0x0000000022ee0000,0x0000000022fe0000)]
  0x000000002122e000 JavaThread "Daemon worker" [_thread_in_vm, id=7076, stack(0x0000000022de0000,0x0000000022ee0000)]
  0x000000002122d800 JavaThread "Cancel handler" [_thread_blocked, id=10516, stack(0x0000000022be0000,0x0000000022ce0000)]
  0x0000000021200800 JavaThread "Handler for socket connection from /127.0.0.1:61730 to /127.0.0.1:61731" [_thread_in_native, id=14868, stack(0x0000000022ae0000,0x0000000022be0000)]
  0x000000002132b800 JavaThread "Daemon" [_thread_blocked, id=10424, stack(0x00000000227e0000,0x00000000228e0000)]
  0x00000000211b4000 JavaThread "Daemon periodic checks" [_thread_blocked, id=2996, stack(0x00000000226e0000,0x00000000227e0000)]
  0x0000000021193800 JavaThread "Incoming local TCP Connector on port 61730" [_thread_in_native, id=7920, stack(0x00000000224a0000,0x00000000225a0000)]
  0x0000000021173800 JavaThread "Daemon health stats" [_thread_blocked, id=17484, stack(0x0000000021e60000,0x0000000021f60000)]
  0x000000001e642000 JavaThread "Service Thread" daemon [_thread_blocked, id=23972, stack(0x000000001f2c0000,0x000000001f3c0000)]
  0x000000001e5fd800 JavaThread "C1 CompilerThread3" daemon [_thread_blocked, id=11696, stack(0x000000001f1c0000,0x000000001f2c0000)]
  0x000000001e5f7800 JavaThread "C2 CompilerThread2" daemon [_thread_in_native, id=5224, stack(0x000000001f0c0000,0x000000001f1c0000)]
  0x000000001c80b000 JavaThread "C2 CompilerThread1" daemon [_thread_blocked, id=16440, stack(0x000000001efc0000,0x000000001f0c0000)]
=>0x000000001e5f1800 JavaThread "C2 CompilerThread0" daemon [_thread_in_native, id=23244, stack(0x000000001eec0000,0x000000001efc0000)]
  0x000000001e5f0800 JavaThread "Attach Listener" daemon [_thread_blocked, id=14824, stack(0x000000001edc0000,0x000000001eec0000)]
  0x000000001e5f6800 JavaThread "Signal Dispatcher" daemon [_thread_blocked, id=1708, stack(0x000000001ecc0000,0x000000001edc0000)]
  0x0000000002cde000 JavaThread "Finalizer" daemon [_thread_blocked, id=7160, stack(0x000000001eac0000,0x000000001ebc0000)]
  0x0000000002cd7000 JavaThread "Reference Handler" daemon [_thread_blocked, id=564, stack(0x000000001e9c0000,0x000000001eac0000)]
  0x0000000002be2800 JavaThread "main" [_thread_blocked, id=6356, stack(0x0000000002ac0000,0x0000000002bc0000)]

Other Threads:
  0x000000001c7f6800 VMThread [stack: 0x000000001e4c0000,0x000000001e5c0000] [id=9176]
  0x000000001e642800 WatcherThread [stack: 0x000000001f3c0000,0x000000001f4c0000] [id=22388]

VM state:not at safepoint (normal execution)

VM Mutex/Monitor currently owned by a thread: None

heap address: 0x00000006c0000000, size: 4096 MB, Compressed Oops mode: Zero based, Oop shift amount: 3
Narrow klass base: 0x0000000000000000, Narrow klass shift: 3
Compressed class space size: 1073741824 Address: 0x00000007c0000000

Heap:
 PSYoungGen      total 151040K, used 84377K [0x000000076ab00000, 0x0000000775780000, 0x00000007c0000000)
  eden space 139264K, 52% used [0x000000076ab00000,0x000000076f1e74d0,0x0000000773300000)
  from space 11776K, 99% used [0x0000000774080000,0x0000000774bff320,0x0000000774c00000)
  to   space 6656K, 0% used [0x0000000775100000,0x0000000775100000,0x0000000775780000)
 ParOldGen       total 159744K, used 25172K [0x00000006c0000000, 0x00000006c9c00000, 0x000000076ab00000)
  object space 159744K, 15% used [0x00000006c0000000,0x00000006c18953c8,0x00000006c9c00000)
 Metaspace       used 55566K, capacity 57810K, committed 57896K, reserved 1099776K
  class space    used 7505K, capacity 7965K, committed 7984K, reserved 1048576K

Card table byte_map: [0x00000000120a0000,0x00000000128b0000] byte_map_base: 0x000000000eaa0000

Marking Bits: (ParMarkBitMap*) 0x000000007768f030
 Begin Bits: [0x0000000013610000, 0x0000000017610000)
 End Bits:   [0x0000000017610000, 0x000000001b610000)

Polling page: 0x0000000002a20000

CodeCache: size=245760Kb used=15692Kb max_used=15692Kb free=230067Kb
 bounds [0x0000000002ce0000, 0x0000000003c50000, 0x0000000011ce0000]
 total_blobs=5401 nmethods=4617 adapters=697
 compilation: enabled

Compilation events (10 events):
Event: 7.914 Thread 0x000000001e5fd800 5089       3       org.gradle.internal.snapshot.impl.DefaultValueSnapshotter::processValue (657 bytes)
Event: 7.917 Thread 0x000000001e5fd800 nmethod 5089 0x0000000003c34250 code [0x0000000003c34ba0, 0x0000000003c3bcd8]
Event: 7.917 Thread 0x000000001e5fd800 5090       3       com.google.common.base.Equivalence$Equals::doEquivalent (6 bytes)
Event: 7.917 Thread 0x000000001e5fd800 nmethod 5090 0x00000000032974d0 code [0x0000000003297640, 0x0000000003297868]
Event: 7.917 Thread 0x000000001e5fd800 5092       1       org.gradle.internal.instantiation.generator.AbstractClassGenerator$MethodMetadata::getGenericReturnType (5 bytes)
Event: 7.917 Thread 0x000000001e5fd800 nmethod 5092 0x0000000003297210 code [0x0000000003297360, 0x0000000003297470]
Event: 7.917 Thread 0x000000001e5fd800 5091       3       java.io.ObjectStreamField::setOffset (6 bytes)
Event: 7.917 Thread 0x000000001e5fd800 nmethod 5091 0x0000000003296f10 code [0x0000000003297060, 0x00000000032971b0]
Event: 7.923 Thread 0x000000001e5fd800 5093       3       com.google.common.collect.ImmutableMap$Builder::put (53 bytes)
Event: 7.923 Thread 0x000000001e5fd800 nmethod 5093 0x000000000329af90 code [0x000000000329b120, 0x000000000329b5b8]

GC Heap History (10 events):
Event: 3.945 GC heap before
{Heap before GC invocations=7 (full 1):
 PSYoungGen      total 75776K, used 73195K [0x000000076ab00000, 0x0000000772400000, 0x00000007c0000000)
  eden space 65024K, 100% used [0x000000076ab00000,0x000000076ea80000,0x000000076ea80000)
  from space 10752K, 76% used [0x000000076ea80000,0x000000076f27afe0,0x000000076f500000)
  to   space 11776K, 0% used [0x0000000771880000,0x0000000771880000,0x0000000772400000)
 ParOldGen       total 100352K, used 7300K [0x00000006c0000000, 0x00000006c6200000, 0x000000076ab00000)
  object space 100352K, 7% used [0x00000006c0000000,0x00000006c07212a8,0x00000006c6200000)
 Metaspace       used 32692K, capacity 33702K, committed 33968K, reserved 1079296K
  class space    used 4457K, capacity 4719K, committed 4784K, reserved 1048576K
Event: 3.952 GC heap after
Heap after GC invocations=7 (full 1):
 PSYoungGen      total 111616K, used 9627K [0x000000076ab00000, 0x0000000772480000, 0x00000007c0000000)
  eden space 99840K, 0% used [0x000000076ab00000,0x000000076ab00000,0x0000000770c80000)
  from space 11776K, 81% used [0x0000000771880000,0x00000007721e6d48,0x0000000772400000)
  to   space 12288K, 0% used [0x0000000770c80000,0x0000000770c80000,0x0000000771880000)
 ParOldGen       total 100352K, used 7308K [0x00000006c0000000, 0x00000006c6200000, 0x000000076ab00000)
  object space 100352K, 7% used [0x00000006c0000000,0x00000006c07232a8,0x00000006c6200000)
 Metaspace       used 32692K, capacity 33702K, committed 33968K, reserved 1079296K
  class space    used 4457K, capacity 4719K, committed 4784K, reserved 1048576K
}
Event: 4.184 GC heap before
{Heap before GC invocations=8 (full 1):
 PSYoungGen      total 111616K, used 46185K [0x000000076ab00000, 0x0000000772480000, 0x00000007c0000000)
  eden space 99840K, 36% used [0x000000076ab00000,0x000000076ceb3848,0x0000000770c80000)
  from space 11776K, 81% used [0x0000000771880000,0x00000007721e6d48,0x0000000772400000)
  to   space 12288K, 0% used [0x0000000770c80000,0x0000000770c80000,0x0000000771880000)
 ParOldGen       total 100352K, used 7308K [0x00000006c0000000, 0x00000006c6200000, 0x000000076ab00000)
  object space 100352K, 7% used [0x00000006c0000000,0x00000006c07232a8,0x00000006c6200000)
 Metaspace       used 34278K, capacity 35408K, committed 35496K, reserved 1079296K
  class space    used 4720K, capacity 5001K, committed 5040K, reserved 1048576K
Event: 4.190 GC heap after
Heap after GC invocations=8 (full 1):
 PSYoungGen      total 112128K, used 8997K [0x000000076ab00000, 0x0000000775c80000, 0x00000007c0000000)
  eden space 99840K, 0% used [0x000000076ab00000,0x000000076ab00000,0x0000000770c80000)
  from space 12288K, 73% used [0x0000000770c80000,0x0000000771549680,0x0000000771880000)
  to   space 11776K, 0% used [0x0000000775100000,0x0000000775100000,0x0000000775c80000)
 ParOldGen       total 100352K, used 7316K [0x00000006c0000000, 0x00000006c6200000, 0x000000076ab00000)
  object space 100352K, 7% used [0x00000006c0000000,0x00000006c07252a8,0x00000006c6200000)
 Metaspace       used 34278K, capacity 35408K, committed 35496K, reserved 1079296K
  class space    used 4720K, capacity 5001K, committed 5040K, reserved 1048576K
}
Event: 4.190 GC heap before
{Heap before GC invocations=9 (full 2):
 PSYoungGen      total 112128K, used 8997K [0x000000076ab00000, 0x0000000775c80000, 0x00000007c0000000)
  eden space 99840K, 0% used [0x000000076ab00000,0x000000076ab00000,0x0000000770c80000)
  from space 12288K, 73% used [0x0000000770c80000,0x0000000771549680,0x0000000771880000)
  to   space 11776K, 0% used [0x0000000775100000,0x0000000775100000,0x0000000775c80000)
 ParOldGen       total 100352K, used 7316K [0x00000006c0000000, 0x00000006c6200000, 0x000000076ab00000)
  object space 100352K, 7% used [0x00000006c0000000,0x00000006c07252a8,0x00000006c6200000)
 Metaspace       used 34278K, capacity 35408K, committed 35496K, reserved 1079296K
  class space    used 4720K, capacity 5001K, committed 5040K, reserved 1048576K
Event: 4.233 GC heap after
Heap after GC invocations=9 (full 2):
 PSYoungGen      total 112128K, used 0K [0x000000076ab00000, 0x0000000775c80000, 0x00000007c0000000)
  eden space 99840K, 0% used [0x000000076ab00000,0x000000076ab00000,0x0000000770c80000)
  from space 12288K, 0% used [0x0000000770c80000,0x0000000770c80000,0x0000000771880000)
  to   space 11776K, 0% used [0x0000000775100000,0x0000000775100000,0x0000000775c80000)
 ParOldGen       total 159744K, used 15387K [0x00000006c0000000, 0x00000006c9c00000, 0x000000076ab00000)
  object space 159744K, 9% used [0x00000006c0000000,0x00000006c0f06d28,0x00000006c9c00000)
 Metaspace       used 34278K, capacity 35408K, committed 35496K, reserved 1079296K
  class space    used 4720K, capacity 5001K, committed 5040K, reserved 1048576K
}
Event: 5.523 GC heap before
{Heap before GC invocations=10 (full 2):
 PSYoungGen      total 112128K, used 99840K [0x000000076ab00000, 0x0000000775c80000, 0x00000007c0000000)
  eden space 99840K, 100% used [0x000000076ab00000,0x0000000770c80000,0x0000000770c80000)
  from space 12288K, 0% used [0x0000000770c80000,0x0000000770c80000,0x0000000771880000)
  to   space 11776K, 0% used [0x0000000775100000,0x0000000775100000,0x0000000775c80000)
 ParOldGen       total 159744K, used 15387K [0x00000006c0000000, 0x00000006c9c00000, 0x000000076ab00000)
  object space 159744K, 9% used [0x00000006c0000000,0x00000006c0f06d28,0x00000006c9c00000)
 Metaspace       used 36799K, capacity 38384K, committed 38696K, reserved 1083392K
  class space    used 5060K, capacity 5353K, committed 5424K, reserved 1048576K
Event: 5.528 GC heap after
Heap after GC invocations=10 (full 2):
 PSYoungGen      total 145920K, used 6527K [0x000000076ab00000, 0x0000000775780000, 0x00000007c0000000)
  eden space 139264K, 0% used [0x000000076ab00000,0x000000076ab00000,0x0000000773300000)
  from space 6656K, 98% used [0x0000000775100000,0x000000077575fee8,0x0000000775780000)
  to   space 11776K, 0% used [0x0000000774080000,0x0000000774080000,0x0000000774c00000)
 ParOldGen       total 159744K, used 15395K [0x00000006c0000000, 0x00000006c9c00000, 0x000000076ab00000)
  object space 159744K, 9% used [0x00000006c0000000,0x00000006c0f08d28,0x00000006c9c00000)
 Metaspace       used 36799K, capacity 38384K, committed 38696K, reserved 1083392K
  class space    used 5060K, capacity 5353K, committed 5424K, reserved 1048576K
}
Event: 7.295 GC heap before
{Heap before GC invocations=11 (full 2):
 PSYoungGen      total 145920K, used 145791K [0x000000076ab00000, 0x0000000775780000, 0x00000007c0000000)
  eden space 139264K, 100% used [0x000000076ab00000,0x0000000773300000,0x0000000773300000)
  from space 6656K, 98% used [0x0000000775100000,0x000000077575fee8,0x0000000775780000)
  to   space 11776K, 0% used [0x0000000774080000,0x0000000774080000,0x0000000774c00000)
 ParOldGen       total 159744K, used 15395K [0x00000006c0000000, 0x00000006c9c00000, 0x000000076ab00000)
  object space 159744K, 9% used [0x00000006c0000000,0x00000006c0f08d28,0x00000006c9c00000)
 Metaspace       used 51390K, capacity 53354K, committed 53672K, reserved 1095680K
  class space    used 6855K, capacity 7290K, committed 7344K, reserved 1048576K
Event: 7.307 GC heap after
Heap after GC invocations=11 (full 2):
 PSYoungGen      total 151040K, used 11772K [0x000000076ab00000, 0x0000000775780000, 0x00000007c0000000)
  eden space 139264K, 0% used [0x000000076ab00000,0x000000076ab00000,0x0000000773300000)
  from space 11776K, 99% used [0x0000000774080000,0x0000000774bff320,0x0000000774c00000)
  to   space 6656K, 0% used [0x0000000775100000,0x0000000775100000,0x0000000775780000)
 ParOldGen       total 159744K, used 25172K [0x00000006c0000000, 0x00000006c9c00000, 0x000000076ab00000)
  object space 159744K, 15% used [0x00000006c0000000,0x00000006c18953c8,0x00000006c9c00000)
 Metaspace       used 51390K, capacity 53354K, committed 53672K, reserved 1095680K
  class space    used 6855K, capacity 7290K, committed 7344K, reserved 1048576K
}

Deoptimization events (10 events):
Event: 7.243 Thread 0x000000002122e000 Uncommon trap: reason=unstable_if action=reinterpret pc=0x0000000002eb4a48 method=java.lang.String.replace(CC)Ljava/lang/String; @ 2
Event: 7.246 Thread 0x000000002122e000 Uncommon trap: reason=bimorphic action=maybe_recompile pc=0x0000000003987c20 method=org.codehaus.groovy.runtime.metaclass.MetaMethodIndex.addMethodToList(Ljava/lang/Object;Lgroovy/lang/MetaMethod;)Ljava/lang/Object; @ 96
Event: 7.246 Thread 0x000000002122e000 Uncommon trap: reason=unstable_if action=reinterpret pc=0x00000000038361dc method=groovy.lang.MetaClassImpl$1MOPIter.methodNameAction(Ljava/lang/Class;Lorg/codehaus/groovy/runtime/metaclass/MetaMethodIndex$Entry;)V @ 182
Event: 7.347 Thread 0x000000002122e000 Uncommon trap: reason=unstable_if action=reinterpret pc=0x00000000030a8de4 method=java.lang.String.lastIndexOf([CII[CIII)I @ 17
Event: 7.347 Thread 0x000000002122e000 Uncommon trap: reason=unstable_if action=reinterpret pc=0x00000000033c4b9c method=sun.net.www.protocol.jar.Handler.parseURL(Ljava/net/URL;Ljava/lang/String;II)V @ 116
Event: 7.362 Thread 0x000000002122e000 Uncommon trap: reason=unstable_if action=reinterpret pc=0x0000000003a33dc0 method=java.util.concurrent.ConcurrentHashMap.putVal(Ljava/lang/Object;Ljava/lang/Object;Z)Ljava/lang/Object; @ 195
Event: 7.461 Thread 0x000000002122e000 Uncommon trap: reason=null_check action=make_not_entrant pc=0x00000000034a4b30 method=java.lang.Class.searchMethods([Ljava/lang/reflect/Method;Ljava/lang/String;[Ljava/lang/Class;)Ljava/lang/reflect/Method; @ 59
Event: 7.482 Thread 0x000000002122e000 Uncommon trap: reason=class_check action=maybe_recompile pc=0x0000000003a1040c method=java.lang.Throwable.<init>(Ljava/lang/String;Ljava/lang/Throwable;)V @ 24
Event: 7.484 Thread 0x000000002122e000 Uncommon trap: reason=unstable_if action=reinterpret pc=0x000000000314c6a4 method=org.gradle.internal.logging.text.AbstractLineChoppingStyledTextOutput$2.execute(Lorg/gradle/internal/logging/text/AbstractLineChoppingStyledTextOutput$StateContext;)V @ 30
Event: 7.499 Thread 0x000000002122e000 Uncommon trap: reason=class_check action=maybe_recompile pc=0x0000000003452050 method=java.util.WeakHashMap.eq(Ljava/lang/Object;Ljava/lang/Object;)Z @ 7

Classes redefined (0 events):
No events

Internal exceptions (10 events):
Event: 7.539 Thread 0x000000002122e000 Exception <a 'java/lang/ClassNotFoundException': org/gradle/api/internal/file/CompositeFileTreeCustomizer> (0x000000076d0ddc70) thrown at [C:\src\AOSP-openjdk-git\hotspot\src\share\vm\classfile\systemDictionary.cpp, line 210]
Event: 7.540 Thread 0x000000002122e000 Exception <a 'java/lang/ClassNotFoundException': org/gradle/api/internal/file/collections/DefaultConfigurableFileTreeCustomizer> (0x000000076d136750) thrown at [C:\src\AOSP-openjdk-git\hotspot\src\share\vm\classfile\systemDictionary.cpp, line 210]
Event: 7.545 Thread 0x000000002122e000 Exception <a 'java/lang/ClassNotFoundException': org/gradle/api/plugins/internal/DefaultBasePluginConventionBeanInfo> (0x000000076d227270) thrown at [C:\src\AOSP-openjdk-git\hotspot\src\share\vm\classfile\systemDictionary.cpp, line 210]
Event: 7.546 Thread 0x000000002122e000 Exception <a 'java/lang/ClassNotFoundException': org/gradle/api/plugins/BasePluginConventionBeanInfo> (0x000000076d272e60) thrown at [C:\src\AOSP-openjdk-git\hotspot\src\share\vm\classfile\systemDictionary.cpp, line 210]
Event: 7.548 Thread 0x000000002122e000 Exception <a 'java/lang/ClassNotFoundException': org/gradle/api/plugins/BasePluginConventionCustomizer> (0x000000076d2bffe0) thrown at [C:\src\AOSP-openjdk-git\hotspot\src\share\vm\classfile\systemDictionary.cpp, line 210]
Event: 7.550 Thread 0x000000002122e000 Exception <a 'java/lang/ClassNotFoundException': org/gradle/api/plugins/internal/DefaultBasePluginConventionCustomizer> (0x000000076d330e30) thrown at [C:\src\AOSP-openjdk-git\hotspot\src\share\vm\classfile\systemDictionary.cpp, line 210]
Event: 7.553 Thread 0x000000002122e000 Exception <a 'java/lang/ClassNotFoundException': org/gradle/api/plugins/internal/DefaultJavaPluginConventionBeanInfo> (0x000000076d3e4860) thrown at [C:\src\AOSP-openjdk-git\hotspot\src\share\vm\classfile\systemDictionary.cpp, line 210]
Event: 7.554 Thread 0x000000002122e000 Exception <a 'java/lang/ClassNotFoundException': org/gradle/api/plugins/JavaPluginConventionBeanInfo> (0x000000076d430448) thrown at [C:\src\AOSP-openjdk-git\hotspot\src\share\vm\classfile\systemDictionary.cpp, line 210]
Event: 7.555 Thread 0x000000002122e000 Exception <a 'java/lang/ClassNotFoundException': org/gradle/api/plugins/JavaPluginConventionCustomizer> (0x000000076d47d5c8) thrown at [C:\src\AOSP-openjdk-git\hotspot\src\share\vm\classfile\systemDictionary.cpp, line 210]
Event: 7.556 Thread 0x000000002122e000 Exception <a 'java/lang/ClassNotFoundException': org/gradle/api/plugins/internal/DefaultJavaPluginConventionCustomizer> (0x000000076d4f6de8) thrown at [C:\src\AOSP-openjdk-git\hotspot\src\share\vm\classfile\systemDictionary.cpp, line 210]

Events (10 events):
Event: 7.926 loading class com/android/build/gradle/internal/SdkComponentsBuildService$sdkSetupCorrectly$1
Event: 7.926 loading class com/android/build/gradle/internal/SdkComponentsBuildService$sdkSetupCorrectly$1 done
Event: 7.926 loading class com/android/build/gradle/internal/SdkComponentsBuildService$buildToolInfoProvider$1
Event: 7.926 loading class com/android/build/gradle/internal/SdkComponentsBuildService$buildToolInfoProvider$1 done
Event: 7.926 loading class com/android/build/gradle/internal/SdkComponentsBuildService$buildToolsRevisionProvider$1
Event: 7.926 loading class com/android/build/gradle/internal/SdkComponentsBuildService$buildToolsRevisionProvider$1 done
Event: 7.926 loading class com/android/build/gradle/internal/SdkComponentsBuildService$aidlExecutableProvider$1
Event: 7.926 loading class com/android/build/gradle/internal/SdkComponentsBuildService$aidlExecutableProvider$1 done
Event: 7.927 loading class com/android/build/gradle/internal/SdkComponentsBuildService$adbExecutableProvider$1
Event: 7.927 loading class com/android/build/gradle/internal/SdkComponentsBuildService$adbExecutableProvider$1 done


Dynamic libraries:
0x00007ff6b0a30000 - 0x00007ff6b0a61000 	C:\Program Files\Android\Android Studio\jre\bin\java.exe
0x00007ff8d5990000 - 0x00007ff8d5b86000 	C:\WINDOWS\SYSTEM32\ntdll.dll
0x00007ff8d40c0000 - 0x00007ff8d417d000 	C:\WINDOWS\System32\KERNEL32.DLL
0x00007ff8d3440000 - 0x00007ff8d3708000 	C:\WINDOWS\System32\KERNELBASE.dll
0x00007ff8d4850000 - 0x00007ff8d48fc000 	C:\WINDOWS\System32\ADVAPI32.dll
0x00007ff8d4970000 - 0x00007ff8d4a0e000 	C:\WINDOWS\System32\msvcrt.dll
0x00007ff8d3c20000 - 0x00007ff8d3cbb000 	C:\WINDOWS\System32\sechost.dll
0x00007ff8d4720000 - 0x00007ff8d4844000 	C:\WINDOWS\System32\RPCRT4.dll
0x00007ff8d3e70000 - 0x00007ff8d4010000 	C:\WINDOWS\System32\USER32.dll
0x00007ff8d30d0000 - 0x00007ff8d30f2000 	C:\WINDOWS\System32\win32u.dll
0x00007ff8d55c0000 - 0x00007ff8d55ea000 	C:\WINDOWS\System32\GDI32.dll
0x00007ff8d38e0000 - 0x00007ff8d39e9000 	C:\WINDOWS\System32\gdi32full.dll
0x00007ff8d3790000 - 0x00007ff8d382d000 	C:\WINDOWS\System32\msvcp_win.dll
0x00007ff8d31e0000 - 0x00007ff8d32e0000 	C:\WINDOWS\System32\ucrtbase.dll
0x00007ff8b1690000 - 0x00007ff8b192b000 	C:\WINDOWS\WinSxS\amd64_microsoft.windows.common-controls_6595b64144ccf1df_6.0.19041.488_none_ca04af081b815d21\COMCTL32.dll
0x00007ff8d5300000 - 0x00007ff8d5330000 	C:\WINDOWS\System32\IMM32.DLL
0x0000000077b50000 - 0x0000000077c22000 	C:\Program Files\Android\Android Studio\jre\jre\bin\msvcr100.dll
0x0000000076ec0000 - 0x000000007770b000 	C:\Program Files\Android\Android Studio\jre\jre\bin\server\jvm.dll
0x00007ff8d4a10000 - 0x00007ff8d4a18000 	C:\WINDOWS\System32\PSAPI.DLL
0x00007ff8ce340000 - 0x00007ff8ce349000 	C:\WINDOWS\SYSTEM32\WSOCK32.dll
0x00007ff8ca4a0000 - 0x00007ff8ca4c7000 	C:\WINDOWS\SYSTEM32\WINMM.dll
0x00007ff8cb9f0000 - 0x00007ff8cb9fa000 	C:\WINDOWS\SYSTEM32\VERSION.dll
0x00007ff8d4900000 - 0x00007ff8d496b000 	C:\WINDOWS\System32\WS2_32.dll
0x00007ff8ce330000 - 0x00007ff8ce33f000 	C:\Program Files\Android\Android Studio\jre\jre\bin\verify.dll
0x00007ff8ce300000 - 0x00007ff8ce329000 	C:\Program Files\Android\Android Studio\jre\jre\bin\java.dll
0x00007ff8ce2e0000 - 0x00007ff8ce2f6000 	C:\Program Files\Android\Android Studio\jre\jre\bin\zip.dll
0x00007ff8d4a90000 - 0x00007ff8d51d1000 	C:\WINDOWS\System32\SHELL32.dll
0x00007ff8d1220000 - 0x00007ff8d19b5000 	C:\WINDOWS\SYSTEM32\windows.storage.dll
0x00007ff8d55f0000 - 0x00007ff8d5945000 	C:\WINDOWS\System32\combase.dll
0x00007ff8d2ad0000 - 0x00007ff8d2afc000 	C:\WINDOWS\SYSTEM32\Wldp.dll
0x00007ff8d4010000 - 0x00007ff8d40be000 	C:\WINDOWS\System32\SHCORE.dll
0x00007ff8d3a00000 - 0x00007ff8d3a55000 	C:\WINDOWS\System32\shlwapi.dll
0x00007ff8d3000000 - 0x00007ff8d3026000 	C:\WINDOWS\SYSTEM32\profapi.dll
0x00007ff8ce270000 - 0x00007ff8ce28a000 	C:\Program Files\Android\Android Studio\jre\jre\bin\net.dll
0x00007ff8d27f0000 - 0x00007ff8d285a000 	C:\WINDOWS\system32\mswsock.dll
0x00007ff8ce250000 - 0x00007ff8ce263000 	C:\Program Files\Android\Android Studio\jre\jre\bin\nio.dll
0x00007ff8c62d0000 - 0x00007ff8c62f7000 	C:\Users\fatur\.gradle\native\f6784746aeab05261644944871eae4fe03e0ef1612fff0a4a95f87b438bc6780\windows-amd64\native-platform.dll
0x00007ff8ce2d0000 - 0x00007ff8ce2dd000 	C:\Program Files\Android\Android Studio\jre\jre\bin\management.dll
0x00007ff8d2a20000 - 0x00007ff8d2a38000 	C:\WINDOWS\SYSTEM32\CRYPTSP.dll
0x00007ff8d2180000 - 0x00007ff8d21b4000 	C:\WINDOWS\system32\rsaenh.dll
0x00007ff8d31b0000 - 0x00007ff8d31d7000 	C:\WINDOWS\System32\bcrypt.dll
0x00007ff8d2f80000 - 0x00007ff8d2fae000 	C:\WINDOWS\SYSTEM32\USERENV.dll
0x00007ff8d3710000 - 0x00007ff8d378f000 	C:\WINDOWS\System32\bcryptprimitives.dll
0x00007ff8d2a40000 - 0x00007ff8d2a4c000 	C:\WINDOWS\SYSTEM32\CRYPTBASE.dll
0x00007ff8d24e0000 - 0x00007ff8d251b000 	C:\WINDOWS\SYSTEM32\IPHLPAPI.DLL
0x00007ff8d4a20000 - 0x00007ff8d4a28000 	C:\WINDOWS\System32\NSI.dll
0x00007ff8ccf80000 - 0x00007ff8ccf97000 	C:\WINDOWS\SYSTEM32\dhcpcsvc6.DLL
0x00007ff8cce80000 - 0x00007ff8cce9d000 	C:\WINDOWS\SYSTEM32\dhcpcsvc.DLL
0x00007ff8d2520000 - 0x00007ff8d25eb000 	C:\WINDOWS\SYSTEM32\DNSAPI.dll
0x00007ff8ccfa0000 - 0x00007ff8ccfab000 	C:\WINDOWS\SYSTEM32\WINNSI.DLL

VM Arguments:
jvm_args: -Xmx4096m -Dfile.encoding=windows-1252 -Duser.country=ID -Duser.language=en -Duser.variant 
java_command: org.gradle.launcher.daemon.bootstrap.GradleDaemon 6.5
java_class_path (initial): C:\Users\fatur\.gradle\wrapper\dists\gradle-6.5-all\2oz4ud9k3tuxjg84bbf55q0tn\gradle-6.5\lib\gradle-launcher-6.5.jar
Launcher Type: SUN_STANDARD

Environment Variables:
PATH=C:\Program Files\Common Files\Oracle\Java\javapath;C:\Windows\system32;C:\Windows;C:\Windows\System32\Wbem;C:\Windows\System32\WindowsPowerShell\v1.0\;C:\Windows\System32\OpenSSH\;C:\Program Files\Microsoft VS Code\bin;C:\Program Files\Git\cmd;C:\xampp\php;C:\ProgramData\ComposerSetup\bin;C:\Program Files\Microsoft SQL Server\130\Tools\Binn\;C:\Program Files\Microsoft SQL Server\Client SDK\ODBC\170\Tools\Binn\;C:\Program Files\NVIDIA Corporation\NVIDIA NvDLISR;C:\Program Files (x86)\NVIDIA Corporation\PhysX\Common;C:\Program Files\Microsoft SQL Server\Client SDK\ODBC\130\Tools\Binn\;C:\Program Files (x86)\Microsoft SQL Server\140\Tools\Binn\;C:\Program Files\Microsoft SQL Server\140\Tools\Binn\;C:\Program Files\Microsoft SQL Server\140\DTS\Binn\;C:\Program Files (x86)\Microsoft SQL Server\150\DTS\Binn\;C:\Program Files\Azure Data Studio\bin;C:\Program Files\dotnet\;%SystemRoot%\system32;%SystemRoot%;%SystemRoot%\System32\Wbem;%SYSTEMROOT%\System32\WindowsPowerShell\v1.0\;%SYSTEMROOT%\System32\OpenSSH\;C:\Users\fatur\AppData\Local\Programs\Python\Python39\Scripts\;C:\Users\fatur\AppData\Local\Programs\Python\Python39\;C:\Users\fatur\AppData\Local\Microsoft\WindowsApps;C:\Users\fatur\AppData\Roaming\Composer\vendor\bin;C:\Program Files\Azure Data Studio\bin;C:\Users\fatur\.dotnet\tools;
USERNAME=fatur
OS=Windows_NT
PROCESSOR_IDENTIFIER=Intel64 Family 6 Model 158 Stepping 10, GenuineIntel



---------------  S Y S T E M  ---------------

OS: Windows 10.0 , 64 bit Build 19041 (10.0.19041.546)

CPU:total 8 (initial active 8) (4 cores per cpu, 2 threads per core) family 6 model 158 stepping 10, cmov, cx8, fxsr, mmx, sse, sse2, sse3, ssse3, sse4.1, sse4.2, popcnt, avx, avx2, aes, clmul, erms, 3dnowpref, lzcnt, ht, tsc, tscinvbit, bmi1, bmi2, adx

Memory: 4k page, physical 16615732k(4061032k free), swap 45836848k(5208k free)

vm_info: OpenJDK 64-Bit Server VM (25.242-b01) for windows-amd64 JRE (1.8.0_242-release-1644-b01), built by "builder" with MS VC++ 10.0 (VS2010)

time: Sat Nov 28 20:36:02 2020
timezone: SE Asia Standard Time
elapsed time: 7 seconds (0d 0h 0m 7s)

